<?xml version="1.0" encoding="UTF-8"?>
<!-- Generated by org.testng.reporters.JUnitXMLReporter -->
<testsuite ignored="0" hostname="LIN59016218" failures="1" tests="1" name="Default test" time="0.038" errors="0" timestamp="20 Jan 2023 16:59:26 GMT">
  <testcase classname="Modules.MIS.Desktop.TestScript.English.Us.Login.TC_TE_Login_en" name="@BeforeClass script" time="0.0">
    <failure type="org.testng.TestNGException" message="
Parameter &amp;apos;browserName&amp;apos; is required by BeforeClass on method script but has not been marked @Optional or defined
in C:\Users\DHBAGHEL\AppData\Local\Temp\testng-eclipse--1487885534\testng-customsuite.xml">
      <![CDATA[org.testng.TestNGException: Parameter 'browserName' is required by BeforeClass on method script but has not been marked @Optional or definedin C:\Users\DHBAGHEL\AppData\Local\Temp\testng-eclipse--1487885534\testng-customsuite.xmlat org.testng.internal.Parameters.createParams(Parameters.java:290)at org.testng.internal.Parameters.createParametersForMethod(Parameters.java:359)at org.testng.internal.Parameters.createParameters(Parameters.java:620)at org.testng.internal.Parameters.createConfigurationParameters(Parameters.java:190)at org.testng.internal.Invoker.invokeConfigurations(Invoker.java:209)at org.testng.internal.Invoker.invokeConfigurations(Invoker.java:142)at org.testng.internal.TestMethodWorker.invokeBeforeClassMethods(TestMethodWorker.java:163)at org.testng.internal.TestMethodWorker.run(TestMethodWorker.java:105)at org.testng.TestRunner.privateRun(TestRunner.java:648)at org.testng.TestRunner.run(TestRunner.java:505)at org.testng.SuiteRunner.runTest(SuiteRunner.java:455)at org.testng.SuiteRunner.runSequentially(SuiteRunner.java:450)at org.testng.SuiteRunner.privateRun(SuiteRunner.java:415)at org.testng.SuiteRunner.run(SuiteRunner.java:364)at org.testng.SuiteRunnerWorker.runSuite(SuiteRunnerWorker.java:52)at org.testng.SuiteRunnerWorker.run(SuiteRunnerWorker.java:84)at org.testng.TestNG.runSuitesSequentially(TestNG.java:1187)at org.testng.TestNG.runSuitesLocally(TestNG.java:1116)at org.testng.TestNG.runSuites(TestNG.java:1028)at org.testng.TestNG.run(TestNG.java:996)at org.testng.remote.AbstractRemoteTestNG.run(AbstractRemoteTestNG.java:115)at org.testng.remote.RemoteTestNG.initAndRun(RemoteTestNG.java:251)at org.testng.remote.RemoteTestNG.main(RemoteTestNG.java:77)]]>
    </failure>
  </testcase> <!-- @BeforeClass script -->
  <testcase classname="Modules.MIS.Desktop.TestScript.English.Us.Login.TC_TE_Login_en" name="@AfterClass aterMethod" time="0.0">
    <skipped/>
  </testcase> <!-- @AfterClass aterMethod -->
  <testcase classname="Modules.MIS.Desktop.TestScript.English.Us.Login.TC_TE_Login_en" name="verifyPrimaryImageDisplayed" time="0.0">
    <failure type="org.testng.TestNGException" message="
Data Provider public java.lang.Object[][] Modules.MIS.Desktop.TestScript.English.Us.Login.TC_TE_Login_en.TestData() throws java.lang.Exception returned a null value">
      <![CDATA[org.testng.TestNGException: Data Provider public java.lang.Object[][] Modules.MIS.Desktop.TestScript.English.Us.Login.TC_TE_Login_en.TestData() throws java.lang.Exception returned a null valueat org.testng.internal.MethodInvocationHelper.invokeDataProvider(MethodInvocationHelper.java:133)at org.testng.internal.Parameters.handleParameters(Parameters.java:706)at org.testng.internal.ParameterHandler.handleParameters(ParameterHandler.java:49)at org.testng.internal.ParameterHandler.createParameters(ParameterHandler.java:37)at org.testng.internal.Invoker.invokeTestMethods(Invoker.java:914)at org.testng.internal.TestMethodWorker.invokeTestMethods(TestMethodWorker.java:125)at org.testng.internal.TestMethodWorker.run(TestMethodWorker.java:109)at org.testng.TestRunner.privateRun(TestRunner.java:648)at org.testng.TestRunner.run(TestRunner.java:505)at org.testng.SuiteRunner.runTest(SuiteRunner.java:455)at org.testng.SuiteRunner.runSequentially(SuiteRunner.java:450)at org.testng.SuiteRunner.privateRun(SuiteRunner.java:415)at org.testng.SuiteRunner.run(SuiteRunner.java:364)at org.testng.SuiteRunnerWorker.runSuite(SuiteRunnerWorker.java:52)at org.testng.SuiteRunnerWorker.run(SuiteRunnerWorker.java:84)at org.testng.TestNG.runSuitesSequentially(TestNG.java:1187)at org.testng.TestNG.runSuitesLocally(TestNG.java:1116)at org.testng.TestNG.runSuites(TestNG.java:1028)at org.testng.TestNG.run(TestNG.java:996)at org.testng.remote.AbstractRemoteTestNG.run(AbstractRemoteTestNG.java:115)at org.testng.remote.RemoteTestNG.initAndRun(RemoteTestNG.java:251)at org.testng.remote.RemoteTestNG.main(RemoteTestNG.java:77)]]>
    </failure>
  </testcase> <!-- verifyPrimaryImageDisplayed -->
</testsuite> <!-- Default test -->
