<?xml version="1.0" encoding="UTF-8"?>
<!-- Generated by org.testng.reporters.JUnitReportReporter -->
<testsuite hostname="LIN59016218" failures="0" tests="2" name="Modules.TE.Desktop.TestScript.Chinese.Industry_and_Solutions.TC_TE_IndustriesAndSolutions_Aerospace_zh" time="0.000" errors="2" timestamp="15 Nov 2021 16:57:10 GMT" skipped="0">
  <testcase classname="Modules.TE.Desktop.TestScript.Chinese.Industry_and_Solutions.TC_TE_IndustriesAndSolutions_Aerospace_zh" name="verifyPrimaryImageDisplayed" time="0.000">
    <error message="
Data Provider public java.lang.Object[][] Modules.TE.Desktop.TestScript.Chinese.Industry_and_Solutions.TC_TE_IndustriesAndSolutions_Aerospace_zh.TestData() throws java.lang.Exception returned a null value" type="org.testng.TestNGException">
      <![CDATA[org.testng.TestNGException: Data Provider public java.lang.Object[][] Modules.TE.Desktop.TestScript.Chinese.Industry_and_Solutions.TC_TE_IndustriesAndSolutions_Aerospace_zh.TestData() throws java.lang.Exception returned a null valueat org.testng.internal.MethodInvocationHelper.invokeDataProvider(MethodInvocationHelper.java:133)at org.testng.internal.Parameters.handleParameters(Parameters.java:706)at org.testng.internal.ParameterHandler.handleParameters(ParameterHandler.java:49)at org.testng.internal.ParameterHandler.createParameters(ParameterHandler.java:37)at org.testng.internal.Invoker.invokeTestMethods(Invoker.java:914)at org.testng.internal.TestMethodWorker.invokeTestMethods(TestMethodWorker.java:125)at org.testng.internal.TestMethodWorker.run(TestMethodWorker.java:109)at org.testng.TestRunner.privateRun(TestRunner.java:648)at org.testng.TestRunner.run(TestRunner.java:505)at org.testng.SuiteRunner.runTest(SuiteRunner.java:455)at org.testng.SuiteRunner.runSequentially(SuiteRunner.java:450)at org.testng.SuiteRunner.privateRun(SuiteRunner.java:415)at org.testng.SuiteRunner.run(SuiteRunner.java:364)at org.testng.SuiteRunnerWorker.runSuite(SuiteRunnerWorker.java:52)at org.testng.SuiteRunnerWorker.run(SuiteRunnerWorker.java:84)at org.testng.TestNG.runSuitesSequentially(TestNG.java:1187)at org.testng.TestNG.runSuitesLocally(TestNG.java:1116)at org.testng.TestNG.runSuites(TestNG.java:1028)at org.testng.TestNG.run(TestNG.java:996)at org.testng.remote.AbstractRemoteTestNG.run(AbstractRemoteTestNG.java:115)at org.testng.remote.RemoteTestNG.initAndRun(RemoteTestNG.java:251)at org.testng.remote.RemoteTestNG.main(RemoteTestNG.java:77)]]>
    </error>
  </testcase> <!-- verifyPrimaryImageDisplayed -->
  <testcase classname="Modules.TE.Desktop.TestScript.Chinese.Industry_and_Solutions.TC_TE_IndustriesAndSolutions_Aerospace_zh" name="script" time="0.000">
    <error message="
Parameter &#039;proxyHost&#039; is required by BeforeClass on method script but has not been marked @Optional or defined
in C:\Users\DHBAGHEL\Downloads\QA_test-master\Automation_POC\SAF\test.xml" type="org.testng.TestNGException">
      <![CDATA[org.testng.TestNGException: Parameter 'proxyHost' is required by BeforeClass on method script but has not been marked @Optional or definedin C:\Users\DHBAGHEL\Downloads\QA_test-master\Automation_POC\SAF\test.xmlat org.testng.internal.Parameters.createParams(Parameters.java:290)at org.testng.internal.Parameters.createParametersForMethod(Parameters.java:359)at org.testng.internal.Parameters.createParameters(Parameters.java:620)at org.testng.internal.Parameters.createConfigurationParameters(Parameters.java:190)at org.testng.internal.Invoker.invokeConfigurations(Invoker.java:209)at org.testng.internal.Invoker.invokeConfigurations(Invoker.java:142)at org.testng.internal.TestMethodWorker.invokeBeforeClassMethods(TestMethodWorker.java:163)at org.testng.internal.TestMethodWorker.run(TestMethodWorker.java:105)at org.testng.TestRunner.privateRun(TestRunner.java:648)at org.testng.TestRunner.run(TestRunner.java:505)at org.testng.SuiteRunner.runTest(SuiteRunner.java:455)at org.testng.SuiteRunner.runSequentially(SuiteRunner.java:450)at org.testng.SuiteRunner.privateRun(SuiteRunner.java:415)at org.testng.SuiteRunner.run(SuiteRunner.java:364)at org.testng.SuiteRunnerWorker.runSuite(SuiteRunnerWorker.java:52)at org.testng.SuiteRunnerWorker.run(SuiteRunnerWorker.java:84)at org.testng.TestNG.runSuitesSequentially(TestNG.java:1187)at org.testng.TestNG.runSuitesLocally(TestNG.java:1116)at org.testng.TestNG.runSuites(TestNG.java:1028)at org.testng.TestNG.run(TestNG.java:996)at org.testng.remote.AbstractRemoteTestNG.run(AbstractRemoteTestNG.java:115)at org.testng.remote.RemoteTestNG.initAndRun(RemoteTestNG.java:251)at org.testng.remote.RemoteTestNG.main(RemoteTestNG.java:77)]]>
    </error>
  </testcase> <!-- script -->
</testsuite> <!-- Modules.TE.Desktop.TestScript.Chinese.Industry_and_Solutions.TC_TE_IndustriesAndSolutions_Aerospace_zh -->
